12:01:39:863  INFO 4988 --- [main] com.hmall.pay.PayApplication             : Starting PayApplication using Java 11 on DESKTOP-KCJI9P4 with PID 4988 (G:\code2\hmall\pay-service\target\classes started by MarkXu in G:\code2\hmall)
12:01:39:870 DEBUG 4988 --- [main] com.hmall.pay.PayApplication             : Running with Spring Boot v2.7.12, Spring v5.3.27
12:01:39:870  INFO 4988 --- [main] com.hmall.pay.PayApplication             : The following 1 profile is active: "local"
12:01:41:228  INFO 4988 --- [main] o.s.cloud.context.scope.GenericScope     : BeanFactory id=e2cf9d88-0923-36d0-a7ae-dde3c1ebab4c
12:01:41:756  INFO 4988 --- [main] o.s.b.w.embedded.tomcat.TomcatWebServer  : Tomcat initialized with port(s): 8086 (http)
12:01:41:770  INFO 4988 --- [main] o.apache.catalina.core.StandardService   : Starting service [Tomcat]
12:01:41:770  INFO 4988 --- [main] org.apache.catalina.core.StandardEngine  : Starting Servlet engine: [Apache Tomcat/9.0.75]
12:01:41:936  INFO 4988 --- [main] o.a.c.c.C.[Tomcat].[localhost].[/]       : Initializing Spring embedded WebApplicationContext
12:01:41:936  INFO 4988 --- [main] w.s.c.ServletWebServerApplicationContext : Root WebApplicationContext: initialization completed in 2012 ms
12:01:42:168  INFO 4988 --- [main] o.s.c.openfeign.FeignClientFactoryBean   : For 'user-service' URL not provided. Will try picking an instance via load-balancing.
12:01:42:293  INFO 4988 --- [main] o.s.c.openfeign.FeignClientFactoryBean   : For 'trade-service' URL not provided. Will try picking an instance via load-balancing.
12:01:46:914  INFO 4988 --- [main] pertySourcedRequestMappingHandlerMapping : Mapped URL path [/v2/api-docs] onto method [springfox.documentation.swagger2.web.Swagger2ControllerWebMvc#getDocumentation(String, HttpServletRequest)]
12:01:48:145  INFO 4988 --- [main] com.alibaba.nacos.common.remote.client   : [RpcClientFactory] create a new rpc client of 88ee432e-244d-488f-ad61-93c3a7ffb975
12:01:48:185  INFO 4988 --- [main] org.reflections.Reflections              : Reflections took 19 ms to scan 1 urls, producing 3 keys and 6 values 
12:01:48:209  INFO 4988 --- [main] org.reflections.Reflections              : Reflections took 7 ms to scan 1 urls, producing 4 keys and 9 values 
12:01:48:219  INFO 4988 --- [main] org.reflections.Reflections              : Reflections took 6 ms to scan 1 urls, producing 3 keys and 10 values 
12:01:48:221  WARN 4988 --- [main] org.reflections.Reflections              : given scan urls are empty. set urls in the configuration
12:01:48:229  INFO 4988 --- [main] org.reflections.Reflections              : Reflections took 7 ms to scan 1 urls, producing 1 keys and 5 values 
12:01:48:240  INFO 4988 --- [main] org.reflections.Reflections              : Reflections took 8 ms to scan 1 urls, producing 1 keys and 7 values 
12:01:48:253  INFO 4988 --- [main] org.reflections.Reflections              : Reflections took 8 ms to scan 1 urls, producing 2 keys and 8 values 
12:01:48:256  WARN 4988 --- [main] org.reflections.Reflections              : given scan urls are empty. set urls in the configuration
12:01:48:257  INFO 4988 --- [main] com.alibaba.nacos.common.remote.client   : [88ee432e-244d-488f-ad61-93c3a7ffb975] RpcClient init label, labels = {module=naming, source=sdk}
12:01:48:259  INFO 4988 --- [main] com.alibaba.nacos.common.remote.client   : [88ee432e-244d-488f-ad61-93c3a7ffb975] RpcClient init, ServerListFactory = com.alibaba.nacos.client.naming.core.ServerListManager
12:01:48:260  INFO 4988 --- [main] com.alibaba.nacos.common.remote.client   : [88ee432e-244d-488f-ad61-93c3a7ffb975] Registry connection listener to current client:com.alibaba.nacos.client.naming.remote.gprc.redo.NamingGrpcRedoService
12:01:48:260  INFO 4988 --- [main] com.alibaba.nacos.common.remote.client   : [88ee432e-244d-488f-ad61-93c3a7ffb975] Register server push request handler:com.alibaba.nacos.client.naming.remote.gprc.NamingPushRequestHandler
12:01:48:262  INFO 4988 --- [main] com.alibaba.nacos.common.remote.client   : [88ee432e-244d-488f-ad61-93c3a7ffb975] Try to connect to server on start up, server: {serverIp = '39.98.247.178', server main port = 8848}
12:01:51:138  INFO 4988 --- [main] com.alibaba.nacos.common.remote.client   : [88ee432e-244d-488f-ad61-93c3a7ffb975] Success to connect to server [39.98.247.178:8848] on start up, connectionId = 1711252910359_60.27.159.181_36013
12:01:51:141  INFO 4988 --- [com.alibaba.nacos.client.remote.worker] com.alibaba.nacos.common.remote.client   : [88ee432e-244d-488f-ad61-93c3a7ffb975] Notify connected event to listeners.
12:01:51:142  INFO 4988 --- [main] com.alibaba.nacos.common.remote.client   : [88ee432e-244d-488f-ad61-93c3a7ffb975] Register server push request handler:com.alibaba.nacos.common.remote.client.RpcClient$ConnectResetRequestHandler
12:01:51:143  INFO 4988 --- [main] com.alibaba.nacos.common.remote.client   : [88ee432e-244d-488f-ad61-93c3a7ffb975] Register server push request handler:com.alibaba.nacos.common.remote.client.RpcClient$$Lambda$975/0x000000080075fc40
12:01:51:229  INFO 4988 --- [main] o.s.b.w.embedded.tomcat.TomcatWebServer  : Tomcat started on port(s): 8086 (http) with context path ''
12:01:51:284  INFO 4988 --- [main] c.a.c.n.registry.NacosServiceRegistry    : nacos registry, DEFAULT_GROUP pay-service 192.168.43.248:8086 register finished
12:01:51:735  INFO 4988 --- [nacos-grpc-client-executor-9] com.alibaba.nacos.common.remote.client   : [88ee432e-244d-488f-ad61-93c3a7ffb975] Receive server push request, request = NotifySubscriberRequest, requestId = 11
12:01:51:739  INFO 4988 --- [nacos-grpc-client-executor-9] com.alibaba.nacos.common.remote.client   : [88ee432e-244d-488f-ad61-93c3a7ffb975] Ack server push request, request = NotifySubscriberRequest, requestId = 11
12:01:52:121  INFO 4988 --- [main] d.s.w.p.DocumentationPluginsBootstrapper : Documentation plugins bootstrapped
12:01:52:125  INFO 4988 --- [main] d.s.w.p.DocumentationPluginsBootstrapper : Found 1 custom documentation plugin(s)
12:01:52:149  INFO 4988 --- [main] s.d.s.w.s.ApiListingReferenceScanner     : Scanning for api listing references
12:01:52:249  INFO 4988 --- [main] com.hmall.pay.PayApplication             : Started PayApplication in 13.957 seconds (JVM running for 15.343)
12:52:24:171  WARN 4988 --- [Thread-7] c.a.n.common.http.HttpClientBeanHolder   : [HttpClientBeanHolder] Start destroying common HttpClient
12:52:24:171  WARN 4988 --- [Thread-4] c.a.nacos.common.notify.NotifyCenter     : [NotifyCenter] Start destroying Publisher
12:52:24:173  WARN 4988 --- [Thread-4] c.a.nacos.common.notify.NotifyCenter     : [NotifyCenter] Destruction of the end
12:52:24:174  WARN 4988 --- [Thread-7] c.a.n.common.http.HttpClientBeanHolder   : [HttpClientBeanHolder] Destruction of the end
12:52:24:817  INFO 4988 --- [SpringApplicationShutdownHook] c.a.c.n.registry.NacosServiceRegistry    : De-registering from Nacos Server now...
12:52:24:856  INFO 4988 --- [SpringApplicationShutdownHook] c.a.c.n.registry.NacosServiceRegistry    : De-registration finished.
12:52:25:190  INFO 4988 --- [SpringApplicationShutdownHook] com.alibaba.nacos.common.remote.client   : Shutdown rpc client, set status to shutdown
12:52:25:190  INFO 4988 --- [SpringApplicationShutdownHook] com.alibaba.nacos.common.remote.client   : Shutdown client event executor java.util.concurrent.ScheduledThreadPoolExecutor@70a98cad[Running, pool size = 2, active threads = 2, queued tasks = 0, completed tasks = 0]
12:52:25:190  INFO 4988 --- [SpringApplicationShutdownHook] com.alibaba.nacos.common.remote.client   : Close current connection 1711252910359_60.27.159.181_36013
12:52:25:198  INFO 4988 --- [SpringApplicationShutdownHook] c.a.n.c.remote.client.grpc.GrpcClient    : Shutdown grpc executor java.util.concurrent.ThreadPoolExecutor@59e3e35f[Running, pool size = 4, active threads = 0, queued tasks = 0, completed tasks = 721]
