12:01:42:706  INFO 17364 --- [main] com.hmall.trade.TradeApplication         : Starting TradeApplication using Java 11 on DESKTOP-KCJI9P4 with PID 17364 (G:\code2\hmall\trade-service\target\classes started by MarkXu in G:\code2\hmall)
12:01:42:712 DEBUG 17364 --- [main] com.hmall.trade.TradeApplication         : Running with Spring Boot v2.7.12, Spring v5.3.27
12:01:42:713  INFO 17364 --- [main] com.hmall.trade.TradeApplication         : The following 1 profile is active: "local"
12:01:43:897  INFO 17364 --- [main] o.s.cloud.context.scope.GenericScope     : BeanFactory id=b9c4bd3e-450a-3e7d-bf09-bc256e9e2fe2
12:01:44:318  INFO 17364 --- [main] o.s.b.w.embedded.tomcat.TomcatWebServer  : Tomcat initialized with port(s): 8085 (http)
12:01:44:330  INFO 17364 --- [main] o.apache.catalina.core.StandardService   : Starting service [Tomcat]
12:01:44:332  INFO 17364 --- [main] org.apache.catalina.core.StandardEngine  : Starting Servlet engine: [Apache Tomcat/9.0.75]
12:01:44:489  INFO 17364 --- [main] o.a.c.c.C.[Tomcat].[localhost].[/]       : Initializing Spring embedded WebApplicationContext
12:01:44:489  INFO 17364 --- [main] w.s.c.ServletWebServerApplicationContext : Root WebApplicationContext: initialization completed in 1727 ms
12:01:44:703  INFO 17364 --- [main] o.s.c.openfeign.FeignClientFactoryBean   : For 'item-service' URL not provided. Will try picking an instance via load-balancing.
12:01:47:557  INFO 17364 --- [main] o.s.c.openfeign.FeignClientFactoryBean   : For 'cart-service' URL not provided. Will try picking an instance via load-balancing.
12:01:48:900  INFO 17364 --- [main] pertySourcedRequestMappingHandlerMapping : Mapped URL path [/v2/api-docs] onto method [springfox.documentation.swagger2.web.Swagger2ControllerWebMvc#getDocumentation(String, HttpServletRequest)]
12:01:50:247  INFO 17364 --- [main] com.alibaba.nacos.common.remote.client   : [RpcClientFactory] create a new rpc client of 8730a133-03f8-4c0b-b6e9-d9f03d580be4
12:01:50:294  INFO 17364 --- [main] org.reflections.Reflections              : Reflections took 24 ms to scan 1 urls, producing 3 keys and 6 values 
12:01:50:323  INFO 17364 --- [main] org.reflections.Reflections              : Reflections took 11 ms to scan 1 urls, producing 4 keys and 9 values 
12:01:50:333  INFO 17364 --- [main] org.reflections.Reflections              : Reflections took 7 ms to scan 1 urls, producing 3 keys and 10 values 
12:01:50:335  WARN 17364 --- [main] org.reflections.Reflections              : given scan urls are empty. set urls in the configuration
12:01:50:343  INFO 17364 --- [main] org.reflections.Reflections              : Reflections took 8 ms to scan 1 urls, producing 1 keys and 5 values 
12:01:50:351  INFO 17364 --- [main] org.reflections.Reflections              : Reflections took 5 ms to scan 1 urls, producing 1 keys and 7 values 
12:01:50:363  INFO 17364 --- [main] org.reflections.Reflections              : Reflections took 9 ms to scan 1 urls, producing 2 keys and 8 values 
12:01:50:366  WARN 17364 --- [main] org.reflections.Reflections              : given scan urls are empty. set urls in the configuration
12:01:50:367  INFO 17364 --- [main] com.alibaba.nacos.common.remote.client   : [8730a133-03f8-4c0b-b6e9-d9f03d580be4] RpcClient init label, labels = {module=naming, source=sdk}
12:01:50:369  INFO 17364 --- [main] com.alibaba.nacos.common.remote.client   : [8730a133-03f8-4c0b-b6e9-d9f03d580be4] RpcClient init, ServerListFactory = com.alibaba.nacos.client.naming.core.ServerListManager
12:01:50:370  INFO 17364 --- [main] com.alibaba.nacos.common.remote.client   : [8730a133-03f8-4c0b-b6e9-d9f03d580be4] Registry connection listener to current client:com.alibaba.nacos.client.naming.remote.gprc.redo.NamingGrpcRedoService
12:01:50:370  INFO 17364 --- [main] com.alibaba.nacos.common.remote.client   : [8730a133-03f8-4c0b-b6e9-d9f03d580be4] Register server push request handler:com.alibaba.nacos.client.naming.remote.gprc.NamingPushRequestHandler
12:01:50:372  INFO 17364 --- [main] com.alibaba.nacos.common.remote.client   : [8730a133-03f8-4c0b-b6e9-d9f03d580be4] Try to connect to server on start up, server: {serverIp = '39.98.247.178', server main port = 8848}
12:01:52:969  INFO 17364 --- [main] com.alibaba.nacos.common.remote.client   : [8730a133-03f8-4c0b-b6e9-d9f03d580be4] Success to connect to server [39.98.247.178:8848] on start up, connectionId = 1711252912217_60.27.159.181_15274
12:01:52:970  INFO 17364 --- [com.alibaba.nacos.client.remote.worker] com.alibaba.nacos.common.remote.client   : [8730a133-03f8-4c0b-b6e9-d9f03d580be4] Notify connected event to listeners.
12:01:52:971  INFO 17364 --- [main] com.alibaba.nacos.common.remote.client   : [8730a133-03f8-4c0b-b6e9-d9f03d580be4] Register server push request handler:com.alibaba.nacos.common.remote.client.RpcClient$ConnectResetRequestHandler
12:01:52:972  INFO 17364 --- [main] com.alibaba.nacos.common.remote.client   : [8730a133-03f8-4c0b-b6e9-d9f03d580be4] Register server push request handler:com.alibaba.nacos.common.remote.client.RpcClient$$Lambda$973/0x000000080075f040
12:01:53:056  INFO 17364 --- [main] o.s.b.w.embedded.tomcat.TomcatWebServer  : Tomcat started on port(s): 8085 (http) with context path ''
12:01:53:112  INFO 17364 --- [main] c.a.c.n.registry.NacosServiceRegistry    : nacos registry, DEFAULT_GROUP trade-service 192.168.43.248:8085 register finished
12:01:53:531  INFO 17364 --- [nacos-grpc-client-executor-10] com.alibaba.nacos.common.remote.client   : [8730a133-03f8-4c0b-b6e9-d9f03d580be4] Receive server push request, request = NotifySubscriberRequest, requestId = 13
12:01:53:534  INFO 17364 --- [nacos-grpc-client-executor-10] com.alibaba.nacos.common.remote.client   : [8730a133-03f8-4c0b-b6e9-d9f03d580be4] Ack server push request, request = NotifySubscriberRequest, requestId = 13
12:01:53:728  INFO 17364 --- [main] d.s.w.p.DocumentationPluginsBootstrapper : Documentation plugins bootstrapped
12:01:53:731  INFO 17364 --- [main] d.s.w.p.DocumentationPluginsBootstrapper : Found 1 custom documentation plugin(s)
12:01:53:754  INFO 17364 --- [main] s.d.s.w.s.ApiListingReferenceScanner     : Scanning for api listing references
12:01:53:845  INFO 17364 --- [main] com.hmall.trade.TradeApplication         : Started TradeApplication in 12.903 seconds (JVM running for 14.532)
