12:01:22:922  INFO 5424 --- [main] com.hmall.item.ItemApplication           : Starting ItemApplication using Java 11 on DESKTOP-KCJI9P4 with PID 5424 (G:\code2\hmall\item-service\target\classes started by MarkXu in G:\code2\hmall)
12:01:22:927 DEBUG 5424 --- [main] com.hmall.item.ItemApplication           : Running with Spring Boot v2.7.12, Spring v5.3.27
12:01:22:927  INFO 5424 --- [main] com.hmall.item.ItemApplication           : The following 1 profile is active: "local"
12:01:23:853  INFO 5424 --- [main] o.s.cloud.context.scope.GenericScope     : BeanFactory id=babe49d5-20f4-37aa-99c5-a03177eb720f
12:01:24:132  INFO 5424 --- [main] o.s.b.w.embedded.tomcat.TomcatWebServer  : Tomcat initialized with port(s): 8081 (http)
12:01:24:150  INFO 5424 --- [main] o.apache.catalina.core.StandardService   : Starting service [Tomcat]
12:01:24:150  INFO 5424 --- [main] org.apache.catalina.core.StandardEngine  : Starting Servlet engine: [Apache Tomcat/9.0.75]
12:01:24:284  INFO 5424 --- [main] o.a.c.c.C.[Tomcat].[localhost].[/]       : Initializing Spring embedded WebApplicationContext
12:01:24:285  INFO 5424 --- [main] w.s.c.ServletWebServerApplicationContext : Root WebApplicationContext: initialization completed in 1320 ms
12:01:26:903  INFO 5424 --- [main] pertySourcedRequestMappingHandlerMapping : Mapped URL path [/v2/api-docs] onto method [springfox.documentation.swagger2.web.Swagger2ControllerWebMvc#getDocumentation(String, HttpServletRequest)]
12:01:27:668  INFO 5424 --- [main] com.alibaba.nacos.common.remote.client   : [RpcClientFactory] create a new rpc client of a64dcc77-6db2-4f6c-83f9-401e8f5c93a7
12:01:27:707  INFO 5424 --- [main] org.reflections.Reflections              : Reflections took 20 ms to scan 1 urls, producing 3 keys and 6 values 
12:01:27:727  INFO 5424 --- [main] org.reflections.Reflections              : Reflections took 7 ms to scan 1 urls, producing 4 keys and 9 values 
12:01:27:736  INFO 5424 --- [main] org.reflections.Reflections              : Reflections took 5 ms to scan 1 urls, producing 3 keys and 10 values 
12:01:27:738  WARN 5424 --- [main] org.reflections.Reflections              : given scan urls are empty. set urls in the configuration
12:01:27:744  INFO 5424 --- [main] org.reflections.Reflections              : Reflections took 6 ms to scan 1 urls, producing 1 keys and 5 values 
12:01:27:751  INFO 5424 --- [main] org.reflections.Reflections              : Reflections took 5 ms to scan 1 urls, producing 1 keys and 7 values 
12:01:27:760  INFO 5424 --- [main] org.reflections.Reflections              : Reflections took 5 ms to scan 1 urls, producing 2 keys and 8 values 
12:01:27:762  WARN 5424 --- [main] org.reflections.Reflections              : given scan urls are empty. set urls in the configuration
12:01:27:763  INFO 5424 --- [main] com.alibaba.nacos.common.remote.client   : [a64dcc77-6db2-4f6c-83f9-401e8f5c93a7] RpcClient init label, labels = {module=naming, source=sdk}
12:01:27:765  INFO 5424 --- [main] com.alibaba.nacos.common.remote.client   : [a64dcc77-6db2-4f6c-83f9-401e8f5c93a7] RpcClient init, ServerListFactory = com.alibaba.nacos.client.naming.core.ServerListManager
12:01:27:765  INFO 5424 --- [main] com.alibaba.nacos.common.remote.client   : [a64dcc77-6db2-4f6c-83f9-401e8f5c93a7] Registry connection listener to current client:com.alibaba.nacos.client.naming.remote.gprc.redo.NamingGrpcRedoService
12:01:27:765  INFO 5424 --- [main] com.alibaba.nacos.common.remote.client   : [a64dcc77-6db2-4f6c-83f9-401e8f5c93a7] Register server push request handler:com.alibaba.nacos.client.naming.remote.gprc.NamingPushRequestHandler
12:01:27:767  INFO 5424 --- [main] com.alibaba.nacos.common.remote.client   : [a64dcc77-6db2-4f6c-83f9-401e8f5c93a7] Try to connect to server on start up, server: {serverIp = '39.98.247.178', server main port = 8848}
12:01:29:777  INFO 5424 --- [main] com.alibaba.nacos.common.remote.client   : [a64dcc77-6db2-4f6c-83f9-401e8f5c93a7] Success to connect to server [39.98.247.178:8848] on start up, connectionId = 1711252888991_60.27.159.181_24677
12:01:29:778  INFO 5424 --- [com.alibaba.nacos.client.remote.worker] com.alibaba.nacos.common.remote.client   : [a64dcc77-6db2-4f6c-83f9-401e8f5c93a7] Notify connected event to listeners.
12:01:29:779  INFO 5424 --- [main] com.alibaba.nacos.common.remote.client   : [a64dcc77-6db2-4f6c-83f9-401e8f5c93a7] Register server push request handler:com.alibaba.nacos.common.remote.client.RpcClient$ConnectResetRequestHandler
12:01:29:779  INFO 5424 --- [main] com.alibaba.nacos.common.remote.client   : [a64dcc77-6db2-4f6c-83f9-401e8f5c93a7] Register server push request handler:com.alibaba.nacos.common.remote.client.RpcClient$$Lambda$936/0x00000008006bb840
12:01:29:868  INFO 5424 --- [main] o.s.b.w.embedded.tomcat.TomcatWebServer  : Tomcat started on port(s): 8081 (http) with context path ''
12:01:29:916  INFO 5424 --- [main] c.a.c.n.registry.NacosServiceRegistry    : nacos registry, DEFAULT_GROUP item-service 192.168.43.248:8081 register finished
12:01:30:419  INFO 5424 --- [nacos-grpc-client-executor-9] com.alibaba.nacos.common.remote.client   : [a64dcc77-6db2-4f6c-83f9-401e8f5c93a7] Receive server push request, request = NotifySubscriberRequest, requestId = 7
12:01:30:423  INFO 5424 --- [nacos-grpc-client-executor-9] com.alibaba.nacos.common.remote.client   : [a64dcc77-6db2-4f6c-83f9-401e8f5c93a7] Ack server push request, request = NotifySubscriberRequest, requestId = 7
12:01:30:531  INFO 5424 --- [main] d.s.w.p.DocumentationPluginsBootstrapper : Documentation plugins bootstrapped
12:01:30:535  INFO 5424 --- [main] d.s.w.p.DocumentationPluginsBootstrapper : Found 1 custom documentation plugin(s)
12:01:30:564  INFO 5424 --- [main] s.d.s.w.s.ApiListingReferenceScanner     : Scanning for api listing references
12:01:30:693  INFO 5424 --- [main] com.hmall.item.ItemApplication           : Started ItemApplication in 8.773 seconds (JVM running for 9.741)
