22:59:09:833  INFO 6072 --- [main] com.hmall.user.UserApplication           : Starting UserApplication using Java 11 on DESKTOP-KCJI9P4 with PID 6072 (G:\code2\hmall\user-service\target\classes started by MarkXu in G:\code2\hmall)
22:59:09:835 DEBUG 6072 --- [main] com.hmall.user.UserApplication           : Running with Spring Boot v2.7.12, Spring v5.3.27
22:59:09:835  INFO 6072 --- [main] com.hmall.user.UserApplication           : The following 1 profile is active: "local"
22:59:10:656  INFO 6072 --- [main] o.s.cloud.context.scope.GenericScope     : BeanFactory id=e7c6d4ea-917e-3744-9bd0-49f826bb86d2
22:59:10:934  INFO 6072 --- [main] o.s.b.w.embedded.tomcat.TomcatWebServer  : Tomcat initialized with port(s): 8084 (http)
22:59:10:941  INFO 6072 --- [main] o.apache.catalina.core.StandardService   : Starting service [Tomcat]
22:59:10:942  INFO 6072 --- [main] org.apache.catalina.core.StandardEngine  : Starting Servlet engine: [Apache Tomcat/9.0.75]
22:59:11:038  INFO 6072 --- [main] o.a.c.c.C.[Tomcat].[localhost].[/]       : Initializing Spring embedded WebApplicationContext
22:59:11:038  INFO 6072 --- [main] w.s.c.ServletWebServerApplicationContext : Root WebApplicationContext: initialization completed in 1170 ms
22:59:13:562  INFO 6072 --- [main] pertySourcedRequestMappingHandlerMapping : Mapped URL path [/v2/api-docs] onto method [springfox.documentation.swagger2.web.Swagger2ControllerWebMvc#getDocumentation(String, HttpServletRequest)]
22:59:14:231  INFO 6072 --- [main] com.alibaba.nacos.common.remote.client   : [RpcClientFactory] create a new rpc client of f6a27c97-af39-43e8-a25d-d1fab955b786
22:59:14:286  INFO 6072 --- [main] org.reflections.Reflections              : Reflections took 26 ms to scan 1 urls, producing 3 keys and 6 values 
22:59:14:312  INFO 6072 --- [main] org.reflections.Reflections              : Reflections took 11 ms to scan 1 urls, producing 4 keys and 9 values 
22:59:14:323  INFO 6072 --- [main] org.reflections.Reflections              : Reflections took 8 ms to scan 1 urls, producing 3 keys and 10 values 
22:59:14:325  WARN 6072 --- [main] org.reflections.Reflections              : given scan urls are empty. set urls in the configuration
22:59:14:331  INFO 6072 --- [main] org.reflections.Reflections              : Reflections took 6 ms to scan 1 urls, producing 1 keys and 5 values 
22:59:14:339  INFO 6072 --- [main] org.reflections.Reflections              : Reflections took 6 ms to scan 1 urls, producing 1 keys and 7 values 
22:59:14:346  INFO 6072 --- [main] org.reflections.Reflections              : Reflections took 5 ms to scan 1 urls, producing 2 keys and 8 values 
22:59:14:347  WARN 6072 --- [main] org.reflections.Reflections              : given scan urls are empty. set urls in the configuration
22:59:14:348  INFO 6072 --- [main] com.alibaba.nacos.common.remote.client   : [f6a27c97-af39-43e8-a25d-d1fab955b786] RpcClient init label, labels = {module=naming, source=sdk}
22:59:14:350  INFO 6072 --- [main] com.alibaba.nacos.common.remote.client   : [f6a27c97-af39-43e8-a25d-d1fab955b786] RpcClient init, ServerListFactory = com.alibaba.nacos.client.naming.core.ServerListManager
22:59:14:350  INFO 6072 --- [main] com.alibaba.nacos.common.remote.client   : [f6a27c97-af39-43e8-a25d-d1fab955b786] Registry connection listener to current client:com.alibaba.nacos.client.naming.remote.gprc.redo.NamingGrpcRedoService
22:59:14:350  INFO 6072 --- [main] com.alibaba.nacos.common.remote.client   : [f6a27c97-af39-43e8-a25d-d1fab955b786] Register server push request handler:com.alibaba.nacos.client.naming.remote.gprc.NamingPushRequestHandler
22:59:14:352  INFO 6072 --- [main] com.alibaba.nacos.common.remote.client   : [f6a27c97-af39-43e8-a25d-d1fab955b786] Try to connect to server on start up, server: {serverIp = '39.98.247.178', server main port = 8848}
22:59:16:089  INFO 6072 --- [main] com.alibaba.nacos.common.remote.client   : [f6a27c97-af39-43e8-a25d-d1fab955b786] Success to connect to server [39.98.247.178:8848] on start up, connectionId = 1711205955379_117.13.122.98_55841
22:59:16:090  INFO 6072 --- [com.alibaba.nacos.client.remote.worker] com.alibaba.nacos.common.remote.client   : [f6a27c97-af39-43e8-a25d-d1fab955b786] Notify connected event to listeners.
22:59:16:091  INFO 6072 --- [main] com.alibaba.nacos.common.remote.client   : [f6a27c97-af39-43e8-a25d-d1fab955b786] Register server push request handler:com.alibaba.nacos.common.remote.client.RpcClient$ConnectResetRequestHandler
22:59:16:092  INFO 6072 --- [main] com.alibaba.nacos.common.remote.client   : [f6a27c97-af39-43e8-a25d-d1fab955b786] Register server push request handler:com.alibaba.nacos.common.remote.client.RpcClient$$Lambda$954/0x0000000800733840
22:59:16:160  INFO 6072 --- [main] o.s.b.w.embedded.tomcat.TomcatWebServer  : Tomcat started on port(s): 8084 (http) with context path ''
22:59:16:179  INFO 6072 --- [main] c.a.c.n.registry.NacosServiceRegistry    : nacos registry, DEFAULT_GROUP user-service 192.168.1.16:8084 register finished
22:59:16:608  INFO 6072 --- [main] d.s.w.p.DocumentationPluginsBootstrapper : Documentation plugins bootstrapped
22:59:16:610  INFO 6072 --- [main] d.s.w.p.DocumentationPluginsBootstrapper : Found 1 custom documentation plugin(s)
22:59:16:627  INFO 6072 --- [main] s.d.s.w.s.ApiListingReferenceScanner     : Scanning for api listing references
22:59:16:686  INFO 6072 --- [nacos-grpc-client-executor-9] com.alibaba.nacos.common.remote.client   : [f6a27c97-af39-43e8-a25d-d1fab955b786] Receive server push request, request = NotifySubscriberRequest, requestId = 44
22:59:16:689  INFO 6072 --- [nacos-grpc-client-executor-9] com.alibaba.nacos.common.remote.client   : [f6a27c97-af39-43e8-a25d-d1fab955b786] Ack server push request, request = NotifySubscriberRequest, requestId = 44
22:59:16:723  INFO 6072 --- [main] com.hmall.user.UserApplication           : Started UserApplication in 7.799 seconds (JVM running for 8.599)
23:01:48:655  WARN 6072 --- [Thread-7] c.a.n.common.http.HttpClientBeanHolder   : [HttpClientBeanHolder] Start destroying common HttpClient
23:01:48:655  WARN 6072 --- [Thread-4] c.a.nacos.common.notify.NotifyCenter     : [NotifyCenter] Start destroying Publisher
23:01:48:655  WARN 6072 --- [Thread-4] c.a.nacos.common.notify.NotifyCenter     : [NotifyCenter] Destruction of the end
23:01:48:656  WARN 6072 --- [Thread-7] c.a.n.common.http.HttpClientBeanHolder   : [HttpClientBeanHolder] Destruction of the end
23:01:48:973  INFO 6072 --- [SpringApplicationShutdownHook] c.a.c.n.registry.NacosServiceRegistry    : De-registering from Nacos Server now...
23:01:48:987  INFO 6072 --- [SpringApplicationShutdownHook] c.a.c.n.registry.NacosServiceRegistry    : De-registration finished.
23:01:49:320  INFO 6072 --- [SpringApplicationShutdownHook] com.alibaba.nacos.common.remote.client   : Shutdown rpc client, set status to shutdown
23:01:49:320  INFO 6072 --- [SpringApplicationShutdownHook] com.alibaba.nacos.common.remote.client   : Shutdown client event executor java.util.concurrent.ScheduledThreadPoolExecutor@2e62139a[Running, pool size = 2, active threads = 2, queued tasks = 0, completed tasks = 0]
23:01:49:320  INFO 6072 --- [SpringApplicationShutdownHook] com.alibaba.nacos.common.remote.client   : Close current connection 1711205955379_117.13.122.98_55841
23:01:49:328  INFO 6072 --- [SpringApplicationShutdownHook] c.a.n.c.remote.client.grpc.GrpcClient    : Shutdown grpc executor java.util.concurrent.ThreadPoolExecutor@215af336[Running, pool size = 4, active threads = 0, queued tasks = 0, completed tasks = 43]
